.\Debug\Project.pdb
F:\FTN\ESI Osnovi racunarskih mreza 2\Vezba 2\Projekat\Pcap-Project\Project\.\Debug\Project.exe
F:\FTN\ESI Osnovi racunarskih mreza 2\Vezba 2\Projekat\Pcap-Project\Project\.\Debug\Project.exe.intermediate.manifest
F:\FTN\ESI Osnovi racunarskih mreza 2\Vezba 2\Projekat\Pcap-Project\Project\Debug\cl.command.1.tlog
F:\FTN\ESI Osnovi racunarskih mreza 2\Vezba 2\Projekat\Pcap-Project\Project\Debug\CL.read.1.tlog
F:\FTN\ESI Osnovi racunarskih mreza 2\Vezba 2\Projekat\Pcap-Project\Project\Debug\CL.write.1.tlog
F:\FTN\ESI Osnovi racunarskih mreza 2\Vezba 2\Projekat\Pcap-Project\Project\Debug\link.command.1.tlog
F:\FTN\ESI Osnovi racunarskih mreza 2\Vezba 2\Projekat\Pcap-Project\Project\Debug\link.read.1.tlog
F:\FTN\ESI Osnovi racunarskih mreza 2\Vezba 2\Projekat\Pcap-Project\Project\Debug\link.write.1.tlog
F:\FTN\ESI Osnovi racunarskih mreza 2\Vezba 2\Projekat\Pcap-Project\Project\Debug\mt.command.1.tlog
F:\FTN\ESI Osnovi racunarskih mreza 2\Vezba 2\Projekat\Pcap-Project\Project\Debug\mt.read.1.tlog
F:\FTN\ESI Osnovi racunarskih mreza 2\Vezba 2\Projekat\Pcap-Project\Project\Debug\mt.write.1.tlog
F:\FTN\ESI OSNOVI RACUNARSKIH MREZA 2\VEZBA 2\PROJEKAT\PCAP-PROJECT\PROJECT\DEBUG\PROJECT.EXE
F:\FTN\ESI OSNOVI RACUNARSKIH MREZA 2\VEZBA 2\PROJEKAT\PCAP-PROJECT\PROJECT\DEBUG\PROJECT.EXE.INTERMEDIATE.MANIFEST
F:\FTN\ESI OSNOVI RACUNARSKIH MREZA 2\VEZBA 2\PROJEKAT\PCAP-PROJECT\PROJECT\DEBUG\PROJECT.OBJ
F:\FTN\ESI OSNOVI RACUNARSKIH MREZA 2\VEZBA 2\PROJEKAT\PCAP-PROJECT\PROJECT\DEBUG\PROJECT.PDB
F:\FTN\ESI Osnovi racunarskih mreza 2\Vezba 2\Projekat\Pcap-Project\Project\Debug\Project.vcxprojResolveAssemblyReference.cache
F:\FTN\ESI Osnovi racunarskih mreza 2\Vezba 2\Projekat\Pcap-Project\Project\Debug\Project.write.1.tlog
F:\FTN\ESI Osnovi racunarskih mreza 2\Vezba 2\Projekat\Pcap-Project\Project\Debug\vc100.idb
F:\FTN\ESI OSNOVI RACUNARSKIH MREZA 2\VEZBA 2\PROJEKAT\PCAP-PROJECT\PROJECT\DEBUG\VC100.PDB
